<?xml version="1.0" encoding="UTF-8"?>
<!-- Generated by org.testng.reporters.JUnitReportReporter -->
<testsuite hostname="DESKTOP-2F3M47F" failures="0" tests="1" name="baseclass.TestClass" time="24.882" errors="0" timestamp="2024-06-05T15:23:48 IST" skipped="0">
  <testcase classname="baseclass.TestClass" name="Login" time="24.882"/>
</testsuite> <!-- baseclass.TestClass -->
