<?xml version="1.0" encoding="UTF-8"?>
<!-- Generated by org.testng.reporters.JUnitReportReporter -->
<testsuite hostname="DESKTOP-2F3M47F" failures="0" tests="1" name="baseclass.TestClass" time="27.467" errors="0" timestamp="2024-06-03T10:31:35 IST" skipped="0">
  <testcase classname="baseclass.TestClass" name="Login" time="27.467"/>
</testsuite> <!-- baseclass.TestClass -->
